<?xml version="1.0" encoding="UTF-8" ?>
<testsuite failures="0" time="0.175" errors="0" skipped="0" tests="6" name="org.apache.struts2.dispatcher.ng.StrutsPrepareAndExecuteFilterIntegrationTest">
  <properties>
[...]
</properties>
  <testcase time="0.021" name="testStaticExecute"/>
  <testcase time="0.041" name="testActionMappingLookup"/>
  <testcase time="0.024" name="test404"/>
  <testcase time="0.022" name="testUriPatternExclusion"/>
  <testcase time="0.027" name="testStaticFallthrough"/>
  <testcase time="0.039" name="test200"/>
</testsuite>